<?xml version='1.0' encoding='UTF-8'?>
<testsuite hostname="LAPTOP-Q31IIT14" name="example.WikiLoad" tests="1" errors="0" failures="0" skipped="0" time="8389.152" timestamp="2023-04-06T11:50:37">
                     <properties>
[...]
</properties>
                     <testcase classname="example.WikiLoad" name="" time="8389.152">
                                                 
                                               </testcase>
                     <system-out><![CDATA[]]></system-out>
                     <system-err><![CDATA[]]></system-err>
                   </testsuite>